#
# There is insufficient memory for the Java Runtime Environment to continue.
# Native memory allocation (malloc) failed to allocate 537696 bytes for Chunk::new
# Possible reasons:
#   The system is out of physical RAM or swap space
#   The process is running with CompressedOops enabled, and the Java Heap may be blocking the growth of the native heap
# Possible solutions:
#   Reduce memory load on the system
#   Increase physical memory or swap space
#   Check if swap backing store is full
#   Decrease Java heap size (-Xmx/-Xms)
#   Decrease number of Java threads
#   Decrease Java thread stack sizes (-Xss)
#   Set larger code cache with -XX:ReservedCodeCacheSize=
#   JVM is running with Unscaled Compressed Oops mode in which the Java heap is
#     placed in the first 4GB address space. The Java Heap base address is the
#     maximum limit for the native heap growth. Please use -XX:HeapBaseMinAddress
#     to set the Java Heap base and to place the Java Heap above 4GB virtual address.
# This output file may be truncated or incomplete.
#
#  Out of Memory Error (./src/hotspot/share/memory/arena.cpp:197), pid=18892, tid=26816
#
# JRE version: OpenJDK Runtime Environment (11.0.10) (build 11.0.10+0-b96-7249189)
# Java VM: OpenJDK 64-Bit Server VM (11.0.10+0-b96-7249189, mixed mode, tiered, compressed oops, g1 gc, windows-amd64)
# No core dump will be written. Minidumps are not enabled by default on client versions of Windows
#

---------------  S U M M A R Y ------------

Command Line: --add-opens=java.base/java.util=ALL-UNNAMED --add-opens=java.base/java.lang=ALL-UNNAMED --add-opens=java.base/java.lang.invoke=ALL-UNNAMED --add-opens=java.base/java.util=ALL-UNNAMED --add-opens=java.prefs/java.util.prefs=ALL-UNNAMED --add-opens=java.prefs/java.util.prefs=ALL-UNNAMED --add-opens=java.base/java.nio.charset=ALL-UNNAMED --add-opens=java.base/java.net=ALL-UNNAMED --add-opens=java.base/java.util.concurrent.atomic=ALL-UNNAMED -Xmx2048m -Dfile.encoding=UTF-8 -Duser.country=ES -Duser.language=es -Duser.variant org.gradle.launcher.daemon.bootstrap.GradleDaemon 7.0.2

Host: Intel(R) Core(TM) i5-4460S CPU @ 2.90GHz, 4 cores, 15G,  Windows 10 , 64 bit Build 19041 (10.0.19041.1466)
Time: Tue Feb  1 23:21:10 2022 Hora estándar romance elapsed time: 5.287538 seconds (0d 0h 0m 5s)

---------------  T H R E A D  ---------------

Current thread (0x00000187d3d02800):  JavaThread "C2 CompilerThread0" daemon [_thread_in_native, id=26816, stack(0x0000006814a00000,0x0000006814b00000)]


Current CompileTask:
C2:   5287 3201       4       java.util.regex.Pattern::compile (498 bytes)

Stack: [0x0000006814a00000,0x0000006814b00000]
Native frames: (J=compiled Java code, j=interpreted, Vv=VM code, C=native code)
V  [jvm.dll+0x5ecfaa]
V  [jvm.dll+0x722bd5]
V  [jvm.dll+0x72412d]
V  [jvm.dll+0x7247e3]
V  [jvm.dll+0x242928]
V  [jvm.dll+0xbc4fc]
V  [jvm.dll+0xbca0c]
V  [jvm.dll+0x2b4fd4]
V  [jvm.dll+0x506028]
V  [jvm.dll+0x203253]
V  [jvm.dll+0x1fd07c]
V  [jvm.dll+0x1fa77f]
V  [jvm.dll+0x18354c]
V  [jvm.dll+0x208ee7]
V  [jvm.dll+0x207731]
V  [jvm.dll+0x6eb1cf]
V  [jvm.dll+0x6e3d45]
V  [jvm.dll+0x5ebe96]
C  [ucrtbase.dll+0x21bb2]
C  [KERNEL32.DLL+0x17034]
C  [ntdll.dll+0x52651]


---------------  P R O C E S S  ---------------

Threads class SMR info:
_java_thread_list=0x00000187d7c79970, length=31, elements={
0x00000187b7904000, 0x00000187d3462000, 0x00000187d3ca2800, 0x00000187d3cfc000,
0x00000187d3cfd000, 0x00000187d3cff800, 0x00000187d3d02800, 0x00000187d3d05800,
0x00000187d3d08000, 0x00000187d3e79800, 0x00000187d5ddf800, 0x00000187d65af000,
0x00000187d5507000, 0x00000187d5944000, 0x00000187d564c800, 0x00000187d609a800,
0x00000187d69b5800, 0x00000187d612f000, 0x00000187d63e4000, 0x00000187d6b88000,
0x00000187d6b8c000, 0x00000187d6b89800, 0x00000187d6b8d000, 0x00000187d6b8a800,
0x00000187d6b8e800, 0x00000187d6b8b800, 0x00000187d6b8d800, 0x00000187d6b89000,
0x00000187d9705800, 0x00000187d970a000, 0x00000187d7bce000
}

Java Threads: ( => current thread )
  0x00000187b7904000 JavaThread "main" [_thread_blocked, id=22692, stack(0x0000006813e00000,0x0000006813f00000)]
  0x00000187d3462000 JavaThread "Reference Handler" daemon [_thread_blocked, id=27536, stack(0x0000006814500000,0x0000006814600000)]
  0x00000187d3ca2800 JavaThread "Finalizer" daemon [_thread_blocked, id=14864, stack(0x0000006814600000,0x0000006814700000)]
  0x00000187d3cfc000 JavaThread "Signal Dispatcher" daemon [_thread_blocked, id=22292, stack(0x0000006814700000,0x0000006814800000)]
  0x00000187d3cfd000 JavaThread "Attach Listener" daemon [_thread_blocked, id=22588, stack(0x0000006814800000,0x0000006814900000)]
  0x00000187d3cff800 JavaThread "Service Thread" daemon [_thread_blocked, id=23884, stack(0x0000006814900000,0x0000006814a00000)]
=>0x00000187d3d02800 JavaThread "C2 CompilerThread0" daemon [_thread_in_native, id=26816, stack(0x0000006814a00000,0x0000006814b00000)]
  0x00000187d3d05800 JavaThread "C1 CompilerThread0" daemon [_thread_blocked, id=20652, stack(0x0000006814b00000,0x0000006814c00000)]
  0x00000187d3d08000 JavaThread "Sweeper thread" daemon [_thread_blocked, id=22684, stack(0x0000006814c00000,0x0000006814d00000)]
  0x00000187d3e79800 JavaThread "Common-Cleaner" daemon [_thread_blocked, id=25492, stack(0x0000006814d00000,0x0000006814e00000)]
  0x00000187d5ddf800 JavaThread "Daemon health stats" [_thread_blocked, id=27472, stack(0x0000006815300000,0x0000006815400000)]
  0x00000187d65af000 JavaThread "Incoming local TCP Connector on port 21784" [_thread_in_native, id=27060, stack(0x0000006815400000,0x0000006815500000)]
  0x00000187d5507000 JavaThread "Daemon periodic checks" [_thread_blocked, id=24860, stack(0x0000006815500000,0x0000006815600000)]
  0x00000187d5944000 JavaThread "Daemon" [_thread_blocked, id=23748, stack(0x0000006815600000,0x0000006815700000)]
  0x00000187d564c800 JavaThread "Handler for socket connection from /127.0.0.1:21784 to /127.0.0.1:21785" [_thread_in_native, id=26296, stack(0x0000006815700000,0x0000006815800000)]
  0x00000187d609a800 JavaThread "Cancel handler" [_thread_blocked, id=26584, stack(0x0000006815800000,0x0000006815900000)]
  0x00000187d69b5800 JavaThread "Daemon worker" [_thread_in_vm, id=23980, stack(0x0000006815900000,0x0000006815a00000)]
  0x00000187d612f000 JavaThread "Asynchronous log dispatcher for DefaultDaemonConnection: socket connection from /127.0.0.1:21784 to /127.0.0.1:21785" [_thread_blocked, id=10616, stack(0x0000006815a00000,0x0000006815b00000)]
  0x00000187d63e4000 JavaThread "Stdin handler" [_thread_blocked, id=27460, stack(0x0000006815b00000,0x0000006815c00000)]
  0x00000187d6b88000 JavaThread "Daemon client event forwarder" [_thread_blocked, id=26276, stack(0x0000006815c00000,0x0000006815d00000)]
  0x00000187d6b8c000 JavaThread "Cache worker for file hash cache (C:\Users\fluvy\.gradle\caches\7.0.2\fileHashes)" [_thread_blocked, id=26208, stack(0x0000006814f00000,0x0000006815000000)]
  0x00000187d6b89800 JavaThread "File lock request listener" [_thread_in_native, id=22364, stack(0x0000006815d00000,0x0000006815e00000)]
  0x00000187d6b8d000 JavaThread "Cache worker for journal cache (C:\Users\fluvy\.gradle\caches\journal-1)" [_thread_blocked, id=26004, stack(0x0000006815e00000,0x0000006815f00000)]
  0x00000187d6b8a800 JavaThread "Cache worker for file hash cache (C:\Users\fluvy\Desktop\Android\FreeCoin\.gradle\7.0.2\fileHashes)" [_thread_blocked, id=24140, stack(0x0000006815f00000,0x0000006816000000)]
  0x00000187d6b8e800 JavaThread "File watcher server" daemon [_thread_in_native, id=26904, stack(0x0000006816000000,0x0000006816100000)]
  0x00000187d6b8b800 JavaThread "File watcher consumer" daemon [_thread_blocked, id=26976, stack(0x0000006816100000,0x0000006816200000)]
  0x00000187d6b8d800 JavaThread "Cache worker for checksums cache (C:\Users\fluvy\Desktop\Android\FreeCoin\.gradle\checksums)" [_thread_blocked, id=23608, stack(0x0000006816300000,0x0000006816400000)]
  0x00000187d6b89000 JavaThread "Cache worker for cache directory md-supplier (C:\Users\fluvy\.gradle\caches\7.0.2\md-supplier)" [_thread_blocked, id=23968, stack(0x0000006816400000,0x0000006816500000)]
  0x00000187d9705800 JavaThread "Cache worker for cache directory md-rule (C:\Users\fluvy\.gradle\caches\7.0.2\md-rule)" [_thread_blocked, id=24380, stack(0x0000006816500000,0x0000006816600000)]
  0x00000187d970a000 JavaThread "Cache worker for execution history cache (C:\Users\fluvy\.gradle\caches\7.0.2\executionHistory)" [_thread_blocked, id=20996, stack(0x0000006816600000,0x0000006816700000)]
  0x00000187d7bce000 JavaThread "C2 CompilerThread1" daemon [_thread_in_native, id=25340, stack(0x0000006816200000,0x0000006816300000)]

Other Threads:
  0x00000187d345d000 VMThread "VM Thread" [stack: 0x0000006814400000,0x0000006814500000] [id=22308]
  0x00000187d3e92800 WatcherThread [stack: 0x0000006814e00000,0x0000006814f00000] [id=11224]
  0x00000187b7918000 GCTaskThread "GC Thread#0" [stack: 0x0000006813f00000,0x0000006814000000] [id=27296]
  0x00000187d49e8800 GCTaskThread "GC Thread#1" [stack: 0x0000006815000000,0x0000006815100000] [id=20544]
  0x00000187d48b9800 GCTaskThread "GC Thread#2" [stack: 0x0000006815100000,0x0000006815200000] [id=10144]
  0x00000187d48ba000 GCTaskThread "GC Thread#3" [stack: 0x0000006815200000,0x0000006815300000] [id=23876]
  0x00000187b7947800 ConcurrentGCThread "G1 Main Marker" [stack: 0x0000006814000000,0x0000006814100000] [id=22224]
  0x00000187b7949000 ConcurrentGCThread "G1 Conc#0" [stack: 0x0000006814100000,0x0000006814200000] [id=25932]
  0x00000187d32e7000 ConcurrentGCThread "G1 Refine#0" [stack: 0x0000006814200000,0x0000006814300000] [id=24372]
  0x00000187d32e8000 ConcurrentGCThread "G1 Young RemSet Sampling" [stack: 0x0000006814300000,0x0000006814400000] [id=26576]

Threads with active compile tasks:
C2 CompilerThread0   5316 3201       4       java.util.regex.Pattern::compile (498 bytes)
C2 CompilerThread1   5316 3204       4       jdk.internal.jimage.ImageStringsReader::stringFromByteBuffer (28 bytes)

VM state:not at safepoint (normal execution)

VM Mutex/Monitor currently owned by a thread: None

Heap address: 0x0000000080000000, size: 2048 MB, Compressed Oops mode: 32-bit
Narrow klass base: 0x0000000000000000, Narrow klass shift: 3
Compressed class space size: 1073741824 Address: 0x0000000100000000

Heap:
 garbage-first heap   total 262144K, used 45760K [0x0000000080000000, 0x0000000100000000)
  region size 1024K, 33 young (33792K), 9 survivors (9216K)
 Metaspace       used 36137K, capacity 36910K, committed 36992K, reserved 1081344K
  class space    used 4652K, capacity 4923K, committed 4992K, reserved 1048576K
Heap Regions: E=young(eden), S=young(survivor), O=old, HS=humongous(starts), HC=humongous(continues), CS=collection set, F=free, A=archive, TAMS=top-at-mark-start (previous, next)
|   0|0x0000000080000000, 0x0000000080100000, 0x0000000080100000|100%| O|  |TAMS 0x0000000080100000, 0x0000000080000000| Untracked 
|   1|0x0000000080100000, 0x0000000080200000, 0x0000000080200000|100%| O|  |TAMS 0x0000000080200000, 0x0000000080100000| Untracked 
|   2|0x0000000080200000, 0x0000000080300000, 0x0000000080300000|100%| O|  |TAMS 0x0000000080300000, 0x0000000080200000| Untracked 
|   3|0x0000000080300000, 0x0000000080400000, 0x0000000080400000|100%|HS|  |TAMS 0x0000000080400000, 0x0000000080300000| Complete 
|   4|0x0000000080400000, 0x0000000080500000, 0x0000000080500000|100%|HC|  |TAMS 0x0000000080500000, 0x0000000080400000| Complete 
|   5|0x0000000080500000, 0x0000000080600000, 0x0000000080600000|100%|HC|  |TAMS 0x0000000080600000, 0x0000000080500000| Complete 
|   6|0x0000000080600000, 0x0000000080700000, 0x0000000080700000|100%| O|  |TAMS 0x0000000080700000, 0x0000000080600000| Untracked 
|   7|0x0000000080700000, 0x0000000080800000, 0x0000000080800000|100%| O|  |TAMS 0x0000000080800000, 0x0000000080700000| Untracked 
|   8|0x0000000080800000, 0x0000000080900000, 0x0000000080900000|100%| O|  |TAMS 0x0000000080900000, 0x0000000080800000| Untracked 
|   9|0x0000000080900000, 0x0000000080a00000, 0x0000000080a00000|100%| O|  |TAMS 0x0000000080a00000, 0x0000000080900000| Untracked 
|  10|0x0000000080a00000, 0x0000000080b00000, 0x0000000080b00000|100%| O|  |TAMS 0x0000000080b00000, 0x0000000080a00000| Untracked 
|  11|0x0000000080b00000, 0x0000000080c00000, 0x0000000080c00000|100%| O|  |TAMS 0x0000000080c00000, 0x0000000080b00000| Untracked 
|  12|0x0000000080c00000, 0x0000000080d00000, 0x0000000080d00000|100%| O|  |TAMS 0x0000000080d00000, 0x0000000080c00000| Untracked 
|  13|0x0000000080d00000, 0x0000000080d33200, 0x0000000080e00000| 19%| O|  |TAMS 0x0000000080d33200, 0x0000000080d00000| Untracked 
|  14|0x0000000080e00000, 0x0000000080e00000, 0x0000000080f00000|  0%| F|  |TAMS 0x0000000080e00000, 0x0000000080e00000| Untracked 
|  15|0x0000000080f00000, 0x0000000080f00000, 0x0000000081000000|  0%| F|  |TAMS 0x0000000080f00000, 0x0000000080f00000| Untracked 
|  16|0x0000000081000000, 0x0000000081000000, 0x0000000081100000|  0%| F|  |TAMS 0x0000000081000000, 0x0000000081000000| Untracked 
|  17|0x0000000081100000, 0x0000000081100000, 0x0000000081200000|  0%| F|  |TAMS 0x0000000081100000, 0x0000000081100000| Untracked 
|  18|0x0000000081200000, 0x0000000081200000, 0x0000000081300000|  0%| F|  |TAMS 0x0000000081200000, 0x0000000081200000| Untracked 
|  19|0x0000000081300000, 0x0000000081300000, 0x0000000081400000|  0%| F|  |TAMS 0x0000000081300000, 0x0000000081300000| Untracked 
|  20|0x0000000081400000, 0x0000000081400000, 0x0000000081500000|  0%| F|  |TAMS 0x0000000081400000, 0x0000000081400000| Untracked 
|  21|0x0000000081500000, 0x0000000081500000, 0x0000000081600000|  0%| F|  |TAMS 0x0000000081500000, 0x0000000081500000| Untracked 
|  22|0x0000000081600000, 0x0000000081600000, 0x0000000081700000|  0%| F|  |TAMS 0x0000000081600000, 0x0000000081600000| Untracked 
|  23|0x0000000081700000, 0x0000000081700000, 0x0000000081800000|  0%| F|  |TAMS 0x0000000081700000, 0x0000000081700000| Untracked 
|  24|0x0000000081800000, 0x0000000081800000, 0x0000000081900000|  0%| F|  |TAMS 0x0000000081800000, 0x0000000081800000| Untracked 
|  25|0x0000000081900000, 0x0000000081900000, 0x0000000081a00000|  0%| F|  |TAMS 0x0000000081900000, 0x0000000081900000| Untracked 
|  26|0x0000000081a00000, 0x0000000081a00000, 0x0000000081b00000|  0%| F|  |TAMS 0x0000000081a00000, 0x0000000081a00000| Untracked 
|  27|0x0000000081b00000, 0x0000000081b00000, 0x0000000081c00000|  0%| F|  |TAMS 0x0000000081b00000, 0x0000000081b00000| Untracked 
|  28|0x0000000081c00000, 0x0000000081c00000, 0x0000000081d00000|  0%| F|  |TAMS 0x0000000081c00000, 0x0000000081c00000| Untracked 
|  29|0x0000000081d00000, 0x0000000081d00000, 0x0000000081e00000|  0%| F|  |TAMS 0x0000000081d00000, 0x0000000081d00000| Untracked 
|  30|0x0000000081e00000, 0x0000000081e00000, 0x0000000081f00000|  0%| F|  |TAMS 0x0000000081e00000, 0x0000000081e00000| Untracked 
|  31|0x0000000081f00000, 0x0000000081f00000, 0x0000000082000000|  0%| F|  |TAMS 0x0000000081f00000, 0x0000000081f00000| Untracked 
|  32|0x0000000082000000, 0x0000000082000000, 0x0000000082100000|  0%| F|  |TAMS 0x0000000082000000, 0x0000000082000000| Untracked 
|  33|0x0000000082100000, 0x0000000082100000, 0x0000000082200000|  0%| F|  |TAMS 0x0000000082100000, 0x0000000082100000| Untracked 
|  34|0x0000000082200000, 0x0000000082200000, 0x0000000082300000|  0%| F|  |TAMS 0x0000000082200000, 0x0000000082200000| Untracked 
|  35|0x0000000082300000, 0x0000000082300000, 0x0000000082400000|  0%| F|  |TAMS 0x0000000082300000, 0x0000000082300000| Untracked 
|  36|0x0000000082400000, 0x0000000082400000, 0x0000000082500000|  0%| F|  |TAMS 0x0000000082400000, 0x0000000082400000| Untracked 
|  37|0x0000000082500000, 0x0000000082500000, 0x0000000082600000|  0%| F|  |TAMS 0x0000000082500000, 0x0000000082500000| Untracked 
|  38|0x0000000082600000, 0x0000000082600000, 0x0000000082700000|  0%| F|  |TAMS 0x0000000082600000, 0x0000000082600000| Untracked 
|  39|0x0000000082700000, 0x0000000082700000, 0x0000000082800000|  0%| F|  |TAMS 0x0000000082700000, 0x0000000082700000| Untracked 
|  40|0x0000000082800000, 0x0000000082800000, 0x0000000082900000|  0%| F|  |TAMS 0x0000000082800000, 0x0000000082800000| Untracked 
|  41|0x0000000082900000, 0x0000000082900000, 0x0000000082a00000|  0%| F|  |TAMS 0x0000000082900000, 0x0000000082900000| Untracked 
|  42|0x0000000082a00000, 0x0000000082a00000, 0x0000000082b00000|  0%| F|  |TAMS 0x0000000082a00000, 0x0000000082a00000| Untracked 
|  43|0x0000000082b00000, 0x0000000082b00000, 0x0000000082c00000|  0%| F|  |TAMS 0x0000000082b00000, 0x0000000082b00000| Untracked 
|  44|0x0000000082c00000, 0x0000000082c00000, 0x0000000082d00000|  0%| F|  |TAMS 0x0000000082c00000, 0x0000000082c00000| Untracked 
|  45|0x0000000082d00000, 0x0000000082d00000, 0x0000000082e00000|  0%| F|  |TAMS 0x0000000082d00000, 0x0000000082d00000| Untracked 
|  46|0x0000000082e00000, 0x0000000082e00000, 0x0000000082f00000|  0%| F|  |TAMS 0x0000000082e00000, 0x0000000082e00000| Untracked 
|  47|0x0000000082f00000, 0x0000000082f00000, 0x0000000083000000|  0%| F|  |TAMS 0x0000000082f00000, 0x0000000082f00000| Untracked 
|  48|0x0000000083000000, 0x0000000083000000, 0x0000000083100000|  0%| F|  |TAMS 0x0000000083000000, 0x0000000083000000| Untracked 
|  49|0x0000000083100000, 0x0000000083100000, 0x0000000083200000|  0%| F|  |TAMS 0x0000000083100000, 0x0000000083100000| Untracked 
|  50|0x0000000083200000, 0x0000000083200000, 0x0000000083300000|  0%| F|  |TAMS 0x0000000083200000, 0x0000000083200000| Untracked 
|  51|0x0000000083300000, 0x0000000083300000, 0x0000000083400000|  0%| F|  |TAMS 0x0000000083300000, 0x0000000083300000| Untracked 
|  52|0x0000000083400000, 0x0000000083400000, 0x0000000083500000|  0%| F|  |TAMS 0x0000000083400000, 0x0000000083400000| Untracked 
|  53|0x0000000083500000, 0x0000000083500000, 0x0000000083600000|  0%| F|  |TAMS 0x0000000083500000, 0x0000000083500000| Untracked 
|  54|0x0000000083600000, 0x0000000083600000, 0x0000000083700000|  0%| F|  |TAMS 0x0000000083600000, 0x0000000083600000| Untracked 
|  55|0x0000000083700000, 0x0000000083700000, 0x0000000083800000|  0%| F|  |TAMS 0x0000000083700000, 0x0000000083700000| Untracked 
|  56|0x0000000083800000, 0x0000000083800000, 0x0000000083900000|  0%| F|  |TAMS 0x0000000083800000, 0x0000000083800000| Untracked 
|  57|0x0000000083900000, 0x0000000083900000, 0x0000000083a00000|  0%| F|  |TAMS 0x0000000083900000, 0x0000000083900000| Untracked 
|  58|0x0000000083a00000, 0x0000000083a00000, 0x0000000083b00000|  0%| F|  |TAMS 0x0000000083a00000, 0x0000000083a00000| Untracked 
|  59|0x0000000083b00000, 0x0000000083b00000, 0x0000000083c00000|  0%| F|  |TAMS 0x0000000083b00000, 0x0000000083b00000| Untracked 
|  60|0x0000000083c00000, 0x0000000083c00000, 0x0000000083d00000|  0%| F|  |TAMS 0x0000000083c00000, 0x0000000083c00000| Untracked 
|  61|0x0000000083d00000, 0x0000000083d00000, 0x0000000083e00000|  0%| F|  |TAMS 0x0000000083d00000, 0x0000000083d00000| Untracked 
|  62|0x0000000083e00000, 0x0000000083e00000, 0x0000000083f00000|  0%| F|  |TAMS 0x0000000083e00000, 0x0000000083e00000| Untracked 
|  63|0x0000000083f00000, 0x0000000083f00000, 0x0000000084000000|  0%| F|  |TAMS 0x0000000083f00000, 0x0000000083f00000| Untracked 
|  64|0x0000000084000000, 0x0000000084000000, 0x0000000084100000|  0%| F|  |TAMS 0x0000000084000000, 0x0000000084000000| Untracked 
|  65|0x0000000084100000, 0x0000000084100000, 0x0000000084200000|  0%| F|  |TAMS 0x0000000084100000, 0x0000000084100000| Untracked 
|  66|0x0000000084200000, 0x0000000084200000, 0x0000000084300000|  0%| F|  |TAMS 0x0000000084200000, 0x0000000084200000| Untracked 
|  67|0x0000000084300000, 0x0000000084300000, 0x0000000084400000|  0%| F|  |TAMS 0x0000000084300000, 0x0000000084300000| Untracked 
|  68|0x0000000084400000, 0x0000000084400000, 0x0000000084500000|  0%| F|  |TAMS 0x0000000084400000, 0x0000000084400000| Untracked 
|  69|0x0000000084500000, 0x0000000084500000, 0x0000000084600000|  0%| F|  |TAMS 0x0000000084500000, 0x0000000084500000| Untracked 
|  70|0x0000000084600000, 0x0000000084600000, 0x0000000084700000|  0%| F|  |TAMS 0x0000000084600000, 0x0000000084600000| Untracked 
|  71|0x0000000084700000, 0x0000000084700000, 0x0000000084800000|  0%| F|  |TAMS 0x0000000084700000, 0x0000000084700000| Untracked 
|  72|0x0000000084800000, 0x0000000084800000, 0x0000000084900000|  0%| F|  |TAMS 0x0000000084800000, 0x0000000084800000| Untracked 
|  73|0x0000000084900000, 0x0000000084900000, 0x0000000084a00000|  0%| F|  |TAMS 0x0000000084900000, 0x0000000084900000| Untracked 
|  74|0x0000000084a00000, 0x0000000084a00000, 0x0000000084b00000|  0%| F|  |TAMS 0x0000000084a00000, 0x0000000084a00000| Untracked 
|  75|0x0000000084b00000, 0x0000000084b00000, 0x0000000084c00000|  0%| F|  |TAMS 0x0000000084b00000, 0x0000000084b00000| Untracked 
|  76|0x0000000084c00000, 0x0000000084c00000, 0x0000000084d00000|  0%| F|  |TAMS 0x0000000084c00000, 0x0000000084c00000| Untracked 
|  77|0x0000000084d00000, 0x0000000084d00000, 0x0000000084e00000|  0%| F|  |TAMS 0x0000000084d00000, 0x0000000084d00000| Untracked 
|  78|0x0000000084e00000, 0x0000000084e00000, 0x0000000084f00000|  0%| F|  |TAMS 0x0000000084e00000, 0x0000000084e00000| Untracked 
|  79|0x0000000084f00000, 0x0000000084f00000, 0x0000000085000000|  0%| F|  |TAMS 0x0000000084f00000, 0x0000000084f00000| Untracked 
|  80|0x0000000085000000, 0x0000000085000000, 0x0000000085100000|  0%| F|  |TAMS 0x0000000085000000, 0x0000000085000000| Untracked 
|  81|0x0000000085100000, 0x0000000085100000, 0x0000000085200000|  0%| F|  |TAMS 0x0000000085100000, 0x0000000085100000| Untracked 
|  82|0x0000000085200000, 0x0000000085200000, 0x0000000085300000|  0%| F|  |TAMS 0x0000000085200000, 0x0000000085200000| Untracked 
|  83|0x0000000085300000, 0x0000000085300000, 0x0000000085400000|  0%| F|  |TAMS 0x0000000085300000, 0x0000000085300000| Untracked 
|  84|0x0000000085400000, 0x0000000085400000, 0x0000000085500000|  0%| F|  |TAMS 0x0000000085400000, 0x0000000085400000| Untracked 
|  85|0x0000000085500000, 0x0000000085500000, 0x0000000085600000|  0%| F|  |TAMS 0x0000000085500000, 0x0000000085500000| Untracked 
|  86|0x0000000085600000, 0x0000000085600000, 0x0000000085700000|  0%| F|  |TAMS 0x0000000085600000, 0x0000000085600000| Untracked 
|  87|0x0000000085700000, 0x0000000085700000, 0x0000000085800000|  0%| F|  |TAMS 0x0000000085700000, 0x0000000085700000| Untracked 
|  88|0x0000000085800000, 0x0000000085800000, 0x0000000085900000|  0%| F|  |TAMS 0x0000000085800000, 0x0000000085800000| Untracked 
|  89|0x0000000085900000, 0x0000000085900000, 0x0000000085a00000|  0%| F|  |TAMS 0x0000000085900000, 0x0000000085900000| Untracked 
|  90|0x0000000085a00000, 0x0000000085a00000, 0x0000000085b00000|  0%| F|  |TAMS 0x0000000085a00000, 0x0000000085a00000| Untracked 
|  91|0x0000000085b00000, 0x0000000085b00000, 0x0000000085c00000|  0%| F|  |TAMS 0x0000000085b00000, 0x0000000085b00000| Untracked 
|  92|0x0000000085c00000, 0x0000000085c00000, 0x0000000085d00000|  0%| F|  |TAMS 0x0000000085c00000, 0x0000000085c00000| Untracked 
|  93|0x0000000085d00000, 0x0000000085d00000, 0x0000000085e00000|  0%| F|  |TAMS 0x0000000085d00000, 0x0000000085d00000| Untracked 
|  94|0x0000000085e00000, 0x0000000085e00000, 0x0000000085f00000|  0%| F|  |TAMS 0x0000000085e00000, 0x0000000085e00000| Untracked 
|  95|0x0000000085f00000, 0x0000000085f00000, 0x0000000086000000|  0%| F|  |TAMS 0x0000000085f00000, 0x0000000085f00000| Untracked 
|  96|0x0000000086000000, 0x0000000086000000, 0x0000000086100000|  0%| F|  |TAMS 0x0000000086000000, 0x0000000086000000| Untracked 
|  97|0x0000000086100000, 0x0000000086100000, 0x0000000086200000|  0%| F|  |TAMS 0x0000000086100000, 0x0000000086100000| Untracked 
|  98|0x0000000086200000, 0x0000000086200000, 0x0000000086300000|  0%| F|  |TAMS 0x0000000086200000, 0x0000000086200000| Untracked 
|  99|0x0000000086300000, 0x0000000086300000, 0x0000000086400000|  0%| F|  |TAMS 0x0000000086300000, 0x0000000086300000| Untracked 
| 100|0x0000000086400000, 0x0000000086400000, 0x0000000086500000|  0%| F|  |TAMS 0x0000000086400000, 0x0000000086400000| Untracked 
| 101|0x0000000086500000, 0x0000000086500000, 0x0000000086600000|  0%| F|  |TAMS 0x0000000086500000, 0x0000000086500000| Untracked 
| 102|0x0000000086600000, 0x0000000086600000, 0x0000000086700000|  0%| F|  |TAMS 0x0000000086600000, 0x0000000086600000| Untracked 
| 103|0x0000000086700000, 0x0000000086700000, 0x0000000086800000|  0%| F|  |TAMS 0x0000000086700000, 0x0000000086700000| Untracked 
| 104|0x0000000086800000, 0x0000000086800000, 0x0000000086900000|  0%| F|  |TAMS 0x0000000086800000, 0x0000000086800000| Untracked 
| 105|0x0000000086900000, 0x0000000086900000, 0x0000000086a00000|  0%| F|  |TAMS 0x0000000086900000, 0x0000000086900000| Untracked 
| 106|0x0000000086a00000, 0x0000000086a00000, 0x0000000086b00000|  0%| F|  |TAMS 0x0000000086a00000, 0x0000000086a00000| Untracked 
| 107|0x0000000086b00000, 0x0000000086b00000, 0x0000000086c00000|  0%| F|  |TAMS 0x0000000086b00000, 0x0000000086b00000| Untracked 
| 108|0x0000000086c00000, 0x0000000086c00000, 0x0000000086d00000|  0%| F|  |TAMS 0x0000000086c00000, 0x0000000086c00000| Untracked 
| 109|0x0000000086d00000, 0x0000000086d00000, 0x0000000086e00000|  0%| F|  |TAMS 0x0000000086d00000, 0x0000000086d00000| Untracked 
| 110|0x0000000086e00000, 0x0000000086e00000, 0x0000000086f00000|  0%| F|  |TAMS 0x0000000086e00000, 0x0000000086e00000| Untracked 
| 111|0x0000000086f00000, 0x0000000086f00000, 0x0000000087000000|  0%| F|  |TAMS 0x0000000086f00000, 0x0000000086f00000| Untracked 
| 112|0x0000000087000000, 0x0000000087000000, 0x0000000087100000|  0%| F|  |TAMS 0x0000000087000000, 0x0000000087000000| Untracked 
| 113|0x0000000087100000, 0x0000000087100000, 0x0000000087200000|  0%| F|  |TAMS 0x0000000087100000, 0x0000000087100000| Untracked 
| 114|0x0000000087200000, 0x0000000087200000, 0x0000000087300000|  0%| F|  |TAMS 0x0000000087200000, 0x0000000087200000| Untracked 
| 115|0x0000000087300000, 0x0000000087300000, 0x0000000087400000|  0%| F|  |TAMS 0x0000000087300000, 0x0000000087300000| Untracked 
| 116|0x0000000087400000, 0x0000000087400000, 0x0000000087500000|  0%| F|  |TAMS 0x0000000087400000, 0x0000000087400000| Untracked 
| 117|0x0000000087500000, 0x0000000087500000, 0x0000000087600000|  0%| F|  |TAMS 0x0000000087500000, 0x0000000087500000| Untracked 
| 118|0x0000000087600000, 0x0000000087600000, 0x0000000087700000|  0%| F|  |TAMS 0x0000000087600000, 0x0000000087600000| Untracked 
| 119|0x0000000087700000, 0x0000000087700000, 0x0000000087800000|  0%| F|  |TAMS 0x0000000087700000, 0x0000000087700000| Untracked 
| 120|0x0000000087800000, 0x0000000087800000, 0x0000000087900000|  0%| F|  |TAMS 0x0000000087800000, 0x0000000087800000| Untracked 
| 121|0x0000000087900000, 0x0000000087900000, 0x0000000087a00000|  0%| F|  |TAMS 0x0000000087900000, 0x0000000087900000| Untracked 
| 122|0x0000000087a00000, 0x0000000087a00000, 0x0000000087b00000|  0%| F|  |TAMS 0x0000000087a00000, 0x0000000087a00000| Untracked 
| 123|0x0000000087b00000, 0x0000000087b00000, 0x0000000087c00000|  0%| F|  |TAMS 0x0000000087b00000, 0x0000000087b00000| Untracked 
| 124|0x0000000087c00000, 0x0000000087c00000, 0x0000000087d00000|  0%| F|  |TAMS 0x0000000087c00000, 0x0000000087c00000| Untracked 
| 125|0x0000000087d00000, 0x0000000087d00000, 0x0000000087e00000|  0%| F|  |TAMS 0x0000000087d00000, 0x0000000087d00000| Untracked 
| 126|0x0000000087e00000, 0x0000000087e00000, 0x0000000087f00000|  0%| F|  |TAMS 0x0000000087e00000, 0x0000000087e00000| Untracked 
| 127|0x0000000087f00000, 0x0000000087f00000, 0x0000000088000000|  0%| F|  |TAMS 0x0000000087f00000, 0x0000000087f00000| Untracked 
| 128|0x0000000088000000, 0x0000000088000000, 0x0000000088100000|  0%| F|  |TAMS 0x0000000088000000, 0x0000000088000000| Untracked 
| 129|0x0000000088100000, 0x0000000088100000, 0x0000000088200000|  0%| F|  |TAMS 0x0000000088100000, 0x0000000088100000| Untracked 
| 130|0x0000000088200000, 0x0000000088200000, 0x0000000088300000|  0%| F|  |TAMS 0x0000000088200000, 0x0000000088200000| Untracked 
| 131|0x0000000088300000, 0x0000000088300000, 0x0000000088400000|  0%| F|  |TAMS 0x0000000088300000, 0x0000000088300000| Untracked 
| 132|0x0000000088400000, 0x0000000088400000, 0x0000000088500000|  0%| F|  |TAMS 0x0000000088400000, 0x0000000088400000| Untracked 
| 133|0x0000000088500000, 0x0000000088500000, 0x0000000088600000|  0%| F|  |TAMS 0x0000000088500000, 0x0000000088500000| Untracked 
| 134|0x0000000088600000, 0x0000000088600000, 0x0000000088700000|  0%| F|  |TAMS 0x0000000088600000, 0x0000000088600000| Untracked 
| 135|0x0000000088700000, 0x0000000088700000, 0x0000000088800000|  0%| F|  |TAMS 0x0000000088700000, 0x0000000088700000| Untracked 
| 136|0x0000000088800000, 0x0000000088800000, 0x0000000088900000|  0%| F|  |TAMS 0x0000000088800000, 0x0000000088800000| Untracked 
| 137|0x0000000088900000, 0x0000000088900000, 0x0000000088a00000|  0%| F|  |TAMS 0x0000000088900000, 0x0000000088900000| Untracked 
| 138|0x0000000088a00000, 0x0000000088a00000, 0x0000000088b00000|  0%| F|  |TAMS 0x0000000088a00000, 0x0000000088a00000| Untracked 
| 139|0x0000000088b00000, 0x0000000088b00000, 0x0000000088c00000|  0%| F|  |TAMS 0x0000000088b00000, 0x0000000088b00000| Untracked 
| 140|0x0000000088c00000, 0x0000000088c00000, 0x0000000088d00000|  0%| F|  |TAMS 0x0000000088c00000, 0x0000000088c00000| Untracked 
| 141|0x0000000088d00000, 0x0000000088d00000, 0x0000000088e00000|  0%| F|  |TAMS 0x0000000088d00000, 0x0000000088d00000| Untracked 
| 142|0x0000000088e00000, 0x0000000088e00000, 0x0000000088f00000|  0%| F|  |TAMS 0x0000000088e00000, 0x0000000088e00000| Untracked 
| 143|0x0000000088f00000, 0x0000000088f00000, 0x0000000089000000|  0%| F|  |TAMS 0x0000000088f00000, 0x0000000088f00000| Untracked 
| 144|0x0000000089000000, 0x0000000089000000, 0x0000000089100000|  0%| F|  |TAMS 0x0000000089000000, 0x0000000089000000| Untracked 
| 145|0x0000000089100000, 0x0000000089100000, 0x0000000089200000|  0%| F|  |TAMS 0x0000000089100000, 0x0000000089100000| Untracked 
| 146|0x0000000089200000, 0x0000000089200000, 0x0000000089300000|  0%| F|  |TAMS 0x0000000089200000, 0x0000000089200000| Untracked 
| 147|0x0000000089300000, 0x0000000089300000, 0x0000000089400000|  0%| F|  |TAMS 0x0000000089300000, 0x0000000089300000| Untracked 
| 148|0x0000000089400000, 0x0000000089400000, 0x0000000089500000|  0%| F|  |TAMS 0x0000000089400000, 0x0000000089400000| Untracked 
| 149|0x0000000089500000, 0x0000000089500000, 0x0000000089600000|  0%| F|  |TAMS 0x0000000089500000, 0x0000000089500000| Untracked 
| 150|0x0000000089600000, 0x0000000089600000, 0x0000000089700000|  0%| F|  |TAMS 0x0000000089600000, 0x0000000089600000| Untracked 
| 151|0x0000000089700000, 0x0000000089700000, 0x0000000089800000|  0%| F|  |TAMS 0x0000000089700000, 0x0000000089700000| Untracked 
| 152|0x0000000089800000, 0x0000000089800000, 0x0000000089900000|  0%| F|  |TAMS 0x0000000089800000, 0x0000000089800000| Untracked 
| 153|0x0000000089900000, 0x0000000089900000, 0x0000000089a00000|  0%| F|  |TAMS 0x0000000089900000, 0x0000000089900000| Untracked 
| 154|0x0000000089a00000, 0x0000000089a00000, 0x0000000089b00000|  0%| F|  |TAMS 0x0000000089a00000, 0x0000000089a00000| Untracked 
| 155|0x0000000089b00000, 0x0000000089b00000, 0x0000000089c00000|  0%| F|  |TAMS 0x0000000089b00000, 0x0000000089b00000| Untracked 
| 156|0x0000000089c00000, 0x0000000089c00000, 0x0000000089d00000|  0%| F|  |TAMS 0x0000000089c00000, 0x0000000089c00000| Untracked 
| 157|0x0000000089d00000, 0x0000000089d00000, 0x0000000089e00000|  0%| F|  |TAMS 0x0000000089d00000, 0x0000000089d00000| Untracked 
| 158|0x0000000089e00000, 0x0000000089e00000, 0x0000000089f00000|  0%| F|  |TAMS 0x0000000089e00000, 0x0000000089e00000| Untracked 
| 159|0x0000000089f00000, 0x0000000089f00000, 0x000000008a000000|  0%| F|  |TAMS 0x0000000089f00000, 0x0000000089f00000| Untracked 
| 160|0x000000008a000000, 0x000000008a000000, 0x000000008a100000|  0%| F|  |TAMS 0x000000008a000000, 0x000000008a000000| Untracked 
| 161|0x000000008a100000, 0x000000008a100000, 0x000000008a200000|  0%| F|  |TAMS 0x000000008a100000, 0x000000008a100000| Untracked 
| 162|0x000000008a200000, 0x000000008a200000, 0x000000008a300000|  0%| F|  |TAMS 0x000000008a200000, 0x000000008a200000| Untracked 
| 163|0x000000008a300000, 0x000000008a300000, 0x000000008a400000|  0%| F|  |TAMS 0x000000008a300000, 0x000000008a300000| Untracked 
| 164|0x000000008a400000, 0x000000008a400000, 0x000000008a500000|  0%| F|  |TAMS 0x000000008a400000, 0x000000008a400000| Untracked 
| 165|0x000000008a500000, 0x000000008a500000, 0x000000008a600000|  0%| F|  |TAMS 0x000000008a500000, 0x000000008a500000| Untracked 
| 166|0x000000008a600000, 0x000000008a600000, 0x000000008a700000|  0%| F|  |TAMS 0x000000008a600000, 0x000000008a600000| Untracked 
| 167|0x000000008a700000, 0x000000008a700000, 0x000000008a800000|  0%| F|  |TAMS 0x000000008a700000, 0x000000008a700000| Untracked 
| 168|0x000000008a800000, 0x000000008a800000, 0x000000008a900000|  0%| F|  |TAMS 0x000000008a800000, 0x000000008a800000| Untracked 
| 169|0x000000008a900000, 0x000000008a900000, 0x000000008aa00000|  0%| F|  |TAMS 0x000000008a900000, 0x000000008a900000| Untracked 
| 170|0x000000008aa00000, 0x000000008aa00000, 0x000000008ab00000|  0%| F|  |TAMS 0x000000008aa00000, 0x000000008aa00000| Untracked 
| 171|0x000000008ab00000, 0x000000008ab00000, 0x000000008ac00000|  0%| F|  |TAMS 0x000000008ab00000, 0x000000008ab00000| Untracked 
| 172|0x000000008ac00000, 0x000000008ac00000, 0x000000008ad00000|  0%| F|  |TAMS 0x000000008ac00000, 0x000000008ac00000| Untracked 
| 173|0x000000008ad00000, 0x000000008ad00000, 0x000000008ae00000|  0%| F|  |TAMS 0x000000008ad00000, 0x000000008ad00000| Untracked 
| 174|0x000000008ae00000, 0x000000008ae00000, 0x000000008af00000|  0%| F|  |TAMS 0x000000008ae00000, 0x000000008ae00000| Untracked 
| 175|0x000000008af00000, 0x000000008af00000, 0x000000008b000000|  0%| F|  |TAMS 0x000000008af00000, 0x000000008af00000| Untracked 
| 176|0x000000008b000000, 0x000000008b000000, 0x000000008b100000|  0%| F|  |TAMS 0x000000008b000000, 0x000000008b000000| Untracked 
| 177|0x000000008b100000, 0x000000008b100000, 0x000000008b200000|  0%| F|  |TAMS 0x000000008b100000, 0x000000008b100000| Untracked 
| 178|0x000000008b200000, 0x000000008b200000, 0x000000008b300000|  0%| F|  |TAMS 0x000000008b200000, 0x000000008b200000| Untracked 
| 179|0x000000008b300000, 0x000000008b300000, 0x000000008b400000|  0%| F|  |TAMS 0x000000008b300000, 0x000000008b300000| Untracked 
| 180|0x000000008b400000, 0x000000008b400000, 0x000000008b500000|  0%| F|  |TAMS 0x000000008b400000, 0x000000008b400000| Untracked 
| 181|0x000000008b500000, 0x000000008b500000, 0x000000008b600000|  0%| F|  |TAMS 0x000000008b500000, 0x000000008b500000| Untracked 
| 182|0x000000008b600000, 0x000000008b600000, 0x000000008b700000|  0%| F|  |TAMS 0x000000008b600000, 0x000000008b600000| Untracked 
| 183|0x000000008b700000, 0x000000008b700000, 0x000000008b800000|  0%| F|  |TAMS 0x000000008b700000, 0x000000008b700000| Untracked 
| 184|0x000000008b800000, 0x000000008b800000, 0x000000008b900000|  0%| F|  |TAMS 0x000000008b800000, 0x000000008b800000| Untracked 
| 185|0x000000008b900000, 0x000000008b900000, 0x000000008ba00000|  0%| F|  |TAMS 0x000000008b900000, 0x000000008b900000| Untracked 
| 186|0x000000008ba00000, 0x000000008ba00000, 0x000000008bb00000|  0%| F|  |TAMS 0x000000008ba00000, 0x000000008ba00000| Untracked 
| 187|0x000000008bb00000, 0x000000008bb00000, 0x000000008bc00000|  0%| F|  |TAMS 0x000000008bb00000, 0x000000008bb00000| Untracked 
| 188|0x000000008bc00000, 0x000000008bc00000, 0x000000008bd00000|  0%| F|  |TAMS 0x000000008bc00000, 0x000000008bc00000| Untracked 
| 189|0x000000008bd00000, 0x000000008bd00000, 0x000000008be00000|  0%| F|  |TAMS 0x000000008bd00000, 0x000000008bd00000| Untracked 
| 190|0x000000008be00000, 0x000000008be00000, 0x000000008bf00000|  0%| F|  |TAMS 0x000000008be00000, 0x000000008be00000| Untracked 
| 191|0x000000008bf00000, 0x000000008bf00000, 0x000000008c000000|  0%| F|  |TAMS 0x000000008bf00000, 0x000000008bf00000| Untracked 
| 192|0x000000008c000000, 0x000000008c000000, 0x000000008c100000|  0%| F|  |TAMS 0x000000008c000000, 0x000000008c000000| Untracked 
| 193|0x000000008c100000, 0x000000008c100000, 0x000000008c200000|  0%| F|  |TAMS 0x000000008c100000, 0x000000008c100000| Untracked 
| 194|0x000000008c200000, 0x000000008c200000, 0x000000008c300000|  0%| F|  |TAMS 0x000000008c200000, 0x000000008c200000| Untracked 
| 195|0x000000008c300000, 0x000000008c300000, 0x000000008c400000|  0%| F|  |TAMS 0x000000008c300000, 0x000000008c300000| Untracked 
| 196|0x000000008c400000, 0x000000008c400000, 0x000000008c500000|  0%| F|  |TAMS 0x000000008c400000, 0x000000008c400000| Untracked 
| 197|0x000000008c500000, 0x000000008c500000, 0x000000008c600000|  0%| F|  |TAMS 0x000000008c500000, 0x000000008c500000| Untracked 
| 198|0x000000008c600000, 0x000000008c600000, 0x000000008c700000|  0%| F|  |TAMS 0x000000008c600000, 0x000000008c600000| Untracked 
| 199|0x000000008c700000, 0x000000008c700000, 0x000000008c800000|  0%| F|  |TAMS 0x000000008c700000, 0x000000008c700000| Untracked 
| 200|0x000000008c800000, 0x000000008c800000, 0x000000008c900000|  0%| F|  |TAMS 0x000000008c800000, 0x000000008c800000| Untracked 
| 201|0x000000008c900000, 0x000000008c900000, 0x000000008ca00000|  0%| F|  |TAMS 0x000000008c900000, 0x000000008c900000| Untracked 
| 202|0x000000008ca00000, 0x000000008ca00000, 0x000000008cb00000|  0%| F|  |TAMS 0x000000008ca00000, 0x000000008ca00000| Untracked 
| 203|0x000000008cb00000, 0x000000008cb00000, 0x000000008cc00000|  0%| F|  |TAMS 0x000000008cb00000, 0x000000008cb00000| Untracked 
| 204|0x000000008cc00000, 0x000000008cc00000, 0x000000008cd00000|  0%| F|  |TAMS 0x000000008cc00000, 0x000000008cc00000| Untracked 
| 205|0x000000008cd00000, 0x000000008cd00000, 0x000000008ce00000|  0%| F|  |TAMS 0x000000008cd00000, 0x000000008cd00000| Untracked 
| 206|0x000000008ce00000, 0x000000008ce00000, 0x000000008cf00000|  0%| F|  |TAMS 0x000000008ce00000, 0x000000008ce00000| Untracked 
| 207|0x000000008cf00000, 0x000000008cf00000, 0x000000008d000000|  0%| F|  |TAMS 0x000000008cf00000, 0x000000008cf00000| Untracked 
| 208|0x000000008d000000, 0x000000008d07d110, 0x000000008d100000| 48%| S|CS|TAMS 0x000000008d000000, 0x000000008d000000| Complete 
| 209|0x000000008d100000, 0x000000008d200000, 0x000000008d200000|100%| S|CS|TAMS 0x000000008d100000, 0x000000008d100000| Complete 
| 210|0x000000008d200000, 0x000000008d300000, 0x000000008d300000|100%| S|CS|TAMS 0x000000008d200000, 0x000000008d200000| Complete 
| 211|0x000000008d300000, 0x000000008d400000, 0x000000008d400000|100%| S|CS|TAMS 0x000000008d300000, 0x000000008d300000| Complete 
| 212|0x000000008d400000, 0x000000008d500000, 0x000000008d500000|100%| S|CS|TAMS 0x000000008d400000, 0x000000008d400000| Complete 
| 213|0x000000008d500000, 0x000000008d600000, 0x000000008d600000|100%| S|CS|TAMS 0x000000008d500000, 0x000000008d500000| Complete 
| 214|0x000000008d600000, 0x000000008d700000, 0x000000008d700000|100%| S|CS|TAMS 0x000000008d600000, 0x000000008d600000| Complete 
| 215|0x000000008d700000, 0x000000008d800000, 0x000000008d800000|100%| S|CS|TAMS 0x000000008d700000, 0x000000008d700000| Complete 
| 216|0x000000008d800000, 0x000000008d900000, 0x000000008d900000|100%| S|CS|TAMS 0x000000008d800000, 0x000000008d800000| Complete 
| 217|0x000000008d900000, 0x000000008d900000, 0x000000008da00000|  0%| F|  |TAMS 0x000000008d900000, 0x000000008d900000| Untracked 
| 218|0x000000008da00000, 0x000000008da00000, 0x000000008db00000|  0%| F|  |TAMS 0x000000008da00000, 0x000000008da00000| Untracked 
| 219|0x000000008db00000, 0x000000008db00000, 0x000000008dc00000|  0%| F|  |TAMS 0x000000008db00000, 0x000000008db00000| Untracked 
| 220|0x000000008dc00000, 0x000000008dc00000, 0x000000008dd00000|  0%| F|  |TAMS 0x000000008dc00000, 0x000000008dc00000| Untracked 
| 221|0x000000008dd00000, 0x000000008dd00000, 0x000000008de00000|  0%| F|  |TAMS 0x000000008dd00000, 0x000000008dd00000| Untracked 
| 222|0x000000008de00000, 0x000000008de00000, 0x000000008df00000|  0%| F|  |TAMS 0x000000008de00000, 0x000000008de00000| Untracked 
| 223|0x000000008df00000, 0x000000008df00000, 0x000000008e000000|  0%| F|  |TAMS 0x000000008df00000, 0x000000008df00000| Untracked 
| 224|0x000000008e000000, 0x000000008e000000, 0x000000008e100000|  0%| F|  |TAMS 0x000000008e000000, 0x000000008e000000| Untracked 
| 225|0x000000008e100000, 0x000000008e100000, 0x000000008e200000|  0%| F|  |TAMS 0x000000008e100000, 0x000000008e100000| Untracked 
| 226|0x000000008e200000, 0x000000008e200000, 0x000000008e300000|  0%| F|  |TAMS 0x000000008e200000, 0x000000008e200000| Untracked 
| 227|0x000000008e300000, 0x000000008e300000, 0x000000008e400000|  0%| F|  |TAMS 0x000000008e300000, 0x000000008e300000| Untracked 
| 228|0x000000008e400000, 0x000000008e400000, 0x000000008e500000|  0%| F|  |TAMS 0x000000008e400000, 0x000000008e400000| Untracked 
| 229|0x000000008e500000, 0x000000008e500000, 0x000000008e600000|  0%| F|  |TAMS 0x000000008e500000, 0x000000008e500000| Untracked 
| 230|0x000000008e600000, 0x000000008e600000, 0x000000008e700000|  0%| F|  |TAMS 0x000000008e600000, 0x000000008e600000| Untracked 
| 231|0x000000008e700000, 0x000000008e700000, 0x000000008e800000|  0%| F|  |TAMS 0x000000008e700000, 0x000000008e700000| Untracked 
| 232|0x000000008e800000, 0x000000008e900000, 0x000000008e900000|100%| E|  |TAMS 0x000000008e800000, 0x000000008e800000| Complete 
| 233|0x000000008e900000, 0x000000008ea00000, 0x000000008ea00000|100%| E|CS|TAMS 0x000000008e900000, 0x000000008e900000| Complete 
| 234|0x000000008ea00000, 0x000000008eb00000, 0x000000008eb00000|100%| E|CS|TAMS 0x000000008ea00000, 0x000000008ea00000| Complete 
| 235|0x000000008eb00000, 0x000000008ec00000, 0x000000008ec00000|100%| E|CS|TAMS 0x000000008eb00000, 0x000000008eb00000| Complete 
| 236|0x000000008ec00000, 0x000000008ed00000, 0x000000008ed00000|100%| E|CS|TAMS 0x000000008ec00000, 0x000000008ec00000| Complete 
| 237|0x000000008ed00000, 0x000000008ee00000, 0x000000008ee00000|100%| E|CS|TAMS 0x000000008ed00000, 0x000000008ed00000| Complete 
| 238|0x000000008ee00000, 0x000000008ef00000, 0x000000008ef00000|100%| E|CS|TAMS 0x000000008ee00000, 0x000000008ee00000| Complete 
| 239|0x000000008ef00000, 0x000000008f000000, 0x000000008f000000|100%| E|CS|TAMS 0x000000008ef00000, 0x000000008ef00000| Complete 
| 240|0x000000008f000000, 0x000000008f100000, 0x000000008f100000|100%| E|CS|TAMS 0x000000008f000000, 0x000000008f000000| Complete 
| 241|0x000000008f100000, 0x000000008f200000, 0x000000008f200000|100%| E|CS|TAMS 0x000000008f100000, 0x000000008f100000| Complete 
| 242|0x000000008f200000, 0x000000008f300000, 0x000000008f300000|100%| E|CS|TAMS 0x000000008f200000, 0x000000008f200000| Complete 
| 243|0x000000008f300000, 0x000000008f400000, 0x000000008f400000|100%| E|CS|TAMS 0x000000008f300000, 0x000000008f300000| Complete 
| 244|0x000000008f400000, 0x000000008f500000, 0x000000008f500000|100%| E|CS|TAMS 0x000000008f400000, 0x000000008f400000| Complete 
| 245|0x000000008f500000, 0x000000008f600000, 0x000000008f600000|100%| E|CS|TAMS 0x000000008f500000, 0x000000008f500000| Complete 
| 246|0x000000008f600000, 0x000000008f700000, 0x000000008f700000|100%| E|CS|TAMS 0x000000008f600000, 0x000000008f600000| Complete 
| 247|0x000000008f700000, 0x000000008f800000, 0x000000008f800000|100%| E|CS|TAMS 0x000000008f700000, 0x000000008f700000| Complete 
| 248|0x000000008f800000, 0x000000008f900000, 0x000000008f900000|100%| E|CS|TAMS 0x000000008f800000, 0x000000008f800000| Complete 
| 249|0x000000008f900000, 0x000000008fa00000, 0x000000008fa00000|100%| E|CS|TAMS 0x000000008f900000, 0x000000008f900000| Complete 
| 250|0x000000008fa00000, 0x000000008fb00000, 0x000000008fb00000|100%| E|CS|TAMS 0x000000008fa00000, 0x000000008fa00000| Complete 
| 251|0x000000008fb00000, 0x000000008fc00000, 0x000000008fc00000|100%| E|CS|TAMS 0x000000008fb00000, 0x000000008fb00000| Complete 
| 252|0x000000008fc00000, 0x000000008fd00000, 0x000000008fd00000|100%| E|CS|TAMS 0x000000008fc00000, 0x000000008fc00000| Complete 
| 253|0x000000008fd00000, 0x000000008fe00000, 0x000000008fe00000|100%| E|CS|TAMS 0x000000008fd00000, 0x000000008fd00000| Complete 
| 254|0x000000008fe00000, 0x000000008ff00000, 0x000000008ff00000|100%| E|CS|TAMS 0x000000008fe00000, 0x000000008fe00000| Complete 
| 255|0x000000008ff00000, 0x0000000090000000, 0x0000000090000000|100%| E|CS|TAMS 0x000000008ff00000, 0x000000008ff00000| Complete 

Card table byte_map: [0x00000187cc5f0000,0x00000187cc9f0000] _byte_map_base: 0x00000187cc1f0000

Marking Bits (Prev, Next): (CMBitMap*) 0x00000187b793ea98, (CMBitMap*) 0x00000187b793ead0
 Prev Bits: [0x00000187ccdf0000, 0x00000187cedf0000)
 Next Bits: [0x00000187cedf0000, 0x00000187d0df0000)

Polling page: 0x00000187b9190000

Metaspace:

Usage:
  Non-class:     31.36 MB capacity,    30.84 MB ( 98%) used,   452.41 KB (  1%) free+waste,    78.94 KB ( <1%) overhead. 
      Class:      4.87 MB capacity,     4.56 MB ( 94%) used,   283.82 KB (  6%) free+waste,    38.25 KB ( <1%) overhead. 
       Both:     36.23 MB capacity,    35.40 MB ( 98%) used,   736.23 KB (  2%) free+waste,   117.19 KB ( <1%) overhead. 

Virtual space:
  Non-class space:       32.00 MB reserved,      31.50 MB ( 98%) committed 
      Class space:        1.00 GB reserved,       4.88 MB ( <1%) committed 
             Both:        1.03 GB reserved,      36.38 MB (  3%) committed 

Chunk freelists:
   Non-Class:  13.00 KB
       Class:  5.00 KB
        Both:  18.00 KB

MaxMetaspaceSize: 17179869184.00 GB
CompressedClassSpaceSize: 1.00 GB

CodeHeap 'non-profiled nmethods': size=120064Kb used=1662Kb max_used=1662Kb free=118401Kb
 bounds [0x00000187c4680000, 0x00000187c48f0000, 0x00000187cbbc0000]
CodeHeap 'profiled nmethods': size=120000Kb used=6826Kb max_used=6826Kb free=113173Kb
 bounds [0x00000187bd150000, 0x00000187bd800000, 0x00000187c4680000]
CodeHeap 'non-nmethods': size=5696Kb used=1510Kb max_used=1534Kb free=4185Kb
 bounds [0x00000187bcbc0000, 0x00000187bce30000, 0x00000187bd150000]
 total_blobs=3869 nmethods=3248 adapters=532
 compilation: enabled
              stopped_count=0, restarted_count=0
 full_count=0

Compilation events (20 events):
Event: 5.277 Thread 0x00000187d3d05800 nmethod 3225 0x00000187bd7e2290 code [0x00000187bd7e2460, 0x00000187bd7e2878]
Event: 5.277 Thread 0x00000187d3d05800 3226       3       java.util.stream.ReduceOps$3ReducingSink::begin (14 bytes)
Event: 5.277 Thread 0x00000187d3d05800 nmethod 3226 0x00000187bd7e2a10 code [0x00000187bd7e2be0, 0x00000187bd7e2e08]
Event: 5.277 Thread 0x00000187d3d05800 3227       3       java.util.stream.Collectors$CollectorImpl::<init> (32 bytes)
Event: 5.277 Thread 0x00000187d3d05800 nmethod 3227 0x00000187bd7e2f10 code [0x00000187bd7e30e0, 0x00000187bd7e3418]
Event: 5.277 Thread 0x00000187d3d05800 3228       3       java.util.stream.Collectors::lambda$uniqKeysMapAccumulator$1 (49 bytes)
Event: 5.278 Thread 0x00000187d3d05800 nmethod 3228 0x00000187bd7e3510 code [0x00000187bd7e3820, 0x00000187bd7e4a68]
Event: 5.278 Thread 0x00000187d3d05800 3229       3       org.codehaus.groovy.vmplugin.v9.Java9::lambda$doFindClasses$3 (47 bytes)
Event: 5.279 Thread 0x00000187d3d05800 nmethod 3229 0x00000187bd7e5010 code [0x00000187bd7e5320, 0x00000187bd7e6638]
Event: 5.279 Thread 0x00000187d3d05800 3230       3       java.util.stream.ReduceOps::makeRef (42 bytes)
Event: 5.279 Thread 0x00000187d3d05800 nmethod 3230 0x00000187bd7e6c10 code [0x00000187bd7e6e20, 0x00000187bd7e75a8]
Event: 5.283 Thread 0x00000187d3d05800 3232   !   2       jdk.internal.loader.URLClassPath$JarLoader::getResource (353 bytes)
Event: 5.285 Thread 0x00000187d3d05800 nmethod 3232 0x00000187bd7e7810 code [0x00000187bd7e7ba0, 0x00000187bd7e8b98]
Event: 5.285 Thread 0x00000187d3d05800 3236   !   2       jdk.internal.loader.URLClassPath$JarLoader::getResource (65 bytes)
Event: 5.285 Thread 0x00000187d3d05800 nmethod 3236 0x00000187bd7e9b90 code [0x00000187bd7e9da0, 0x00000187bd7ea208]
Event: 5.285 Thread 0x00000187d3d05800 3233       3       java.lang.invoke.LambdaFormEditor$Transform::equals (32 bytes)
Event: 5.285 Thread 0x00000187d3d05800 nmethod 3233 0x00000187bd7ea410 code [0x00000187bd7ea5e0, 0x00000187bd7ea7a8]
Event: 5.285 Thread 0x00000187d3d05800 3240       3       groovy.lang.MetaClassImpl::isGenericGetMethod (44 bytes)
Event: 5.286 Thread 0x00000187d3d05800 nmethod 3240 0x00000187bd7ea890 code [0x00000187bd7eaa80, 0x00000187bd7eaf08]
Event: 5.286 Thread 0x00000187d3d05800 3241       3       groovy.lang.MetaClassImpl$1::methodNameAction (169 bytes)

GC Heap History (12 events):
Event: 0.443 GC heap before
{Heap before GC invocations=0 (full 0):
 garbage-first heap   total 262144K, used 19456K [0x0000000080000000, 0x0000000100000000)
  region size 1024K, 14 young (14336K), 0 survivors (0K)
 Metaspace       used 6728K, capacity 6925K, committed 7168K, reserved 1056768K
  class space    used 582K, capacity 650K, committed 768K, reserved 1048576K
}
Event: 0.447 GC heap after
{Heap after GC invocations=1 (full 0):
 garbage-first heap   total 262144K, used 8176K [0x0000000080000000, 0x0000000100000000)
  region size 1024K, 2 young (2048K), 2 survivors (2048K)
 Metaspace       used 6728K, capacity 6925K, committed 7168K, reserved 1056768K
  class space    used 582K, capacity 650K, committed 768K, reserved 1048576K
}
Event: 0.734 GC heap before
{Heap before GC invocations=1 (full 0):
 garbage-first heap   total 262144K, used 22512K [0x0000000080000000, 0x0000000100000000)
  region size 1024K, 16 young (16384K), 2 survivors (2048K)
 Metaspace       used 10225K, capacity 10489K, committed 10624K, reserved 1058816K
  class space    used 1064K, capacity 1139K, committed 1152K, reserved 1048576K
}
Event: 0.737 GC heap after
{Heap after GC invocations=2 (full 0):
 garbage-first heap   total 262144K, used 9487K [0x0000000080000000, 0x0000000100000000)
  region size 1024K, 2 young (2048K), 2 survivors (2048K)
 Metaspace       used 10225K, capacity 10489K, committed 10624K, reserved 1058816K
  class space    used 1064K, capacity 1139K, committed 1152K, reserved 1048576K
}
Event: 1.007 GC heap before
{Heap before GC invocations=2 (full 0):
 garbage-first heap   total 262144K, used 42255K [0x0000000080000000, 0x0000000100000000)
  region size 1024K, 34 young (34816K), 2 survivors (2048K)
 Metaspace       used 11176K, capacity 11506K, committed 11776K, reserved 1060864K
  class space    used 1168K, capacity 1243K, committed 1280K, reserved 1048576K
}
Event: 1.010 GC heap after
{Heap after GC invocations=3 (full 0):
 garbage-first heap   total 262144K, used 13431K [0x0000000080000000, 0x0000000100000000)
  region size 1024K, 5 young (5120K), 5 survivors (5120K)
 Metaspace       used 11176K, capacity 11506K, committed 11776K, reserved 1060864K
  class space    used 1168K, capacity 1243K, committed 1280K, reserved 1048576K
}
Event: 2.928 GC heap before
{Heap before GC invocations=3 (full 0):
 garbage-first heap   total 262144K, used 72823K [0x0000000080000000, 0x0000000100000000)
  region size 1024K, 64 young (65536K), 5 survivors (5120K)
 Metaspace       used 20578K, capacity 21092K, committed 21248K, reserved 1067008K
  class space    used 2504K, capacity 2690K, committed 2816K, reserved 1048576K
}
Event: 2.937 GC heap after
{Heap after GC invocations=4 (full 0):
 garbage-first heap   total 262144K, used 16659K [0x0000000080000000, 0x0000000100000000)
  region size 1024K, 7 young (7168K), 7 survivors (7168K)
 Metaspace       used 20578K, capacity 21092K, committed 21248K, reserved 1067008K
  class space    used 2504K, capacity 2690K, committed 2816K, reserved 1048576K
}
Event: 4.126 GC heap before
{Heap before GC invocations=5 (full 0):
 garbage-first heap   total 262144K, used 89363K [0x0000000080000000, 0x0000000100000000)
  region size 1024K, 78 young (79872K), 7 survivors (7168K)
 Metaspace       used 27546K, capacity 28263K, committed 28544K, reserved 1073152K
  class space    used 3646K, capacity 3894K, committed 3968K, reserved 1048576K
}
Event: 4.135 GC heap after
{Heap after GC invocations=6 (full 0):
 garbage-first heap   total 262144K, used 19253K [0x0000000080000000, 0x0000000100000000)
  region size 1024K, 6 young (6144K), 6 survivors (6144K)
 Metaspace       used 27546K, capacity 28263K, committed 28544K, reserved 1073152K
  class space    used 3646K, capacity 3894K, committed 3968K, reserved 1048576K
}
Event: 5.031 GC heap before
{Heap before GC invocations=6 (full 0):
 garbage-first heap   total 262144K, used 57141K [0x0000000080000000, 0x0000000100000000)
  region size 1024K, 45 young (46080K), 6 survivors (6144K)
 Metaspace       used 35049K, capacity 35826K, committed 35840K, reserved 1081344K
  class space    used 4535K, capacity 4864K, committed 4864K, reserved 1048576K
}
Event: 5.039 GC heap after
{Heap after GC invocations=7 (full 0):
 garbage-first heap   total 262144K, used 22208K [0x0000000080000000, 0x0000000100000000)
  region size 1024K, 9 young (9216K), 9 survivors (9216K)
 Metaspace       used 35049K, capacity 35826K, committed 35840K, reserved 1081344K
  class space    used 4535K, capacity 4864K, committed 4864K, reserved 1048576K
}

Deoptimization events (20 events):
Event: 5.245 Thread 0x00000187d69b5800 Uncommon trap: trap_request=0xffffffbe fr.pc=0x00000187c4814784 relative=0x0000000000000984
Event: 5.245 Thread 0x00000187d69b5800 Uncommon trap: reason=profile_predicate action=maybe_recompile pc=0x00000187c4814784 method=jdk.internal.jimage.ImageStringsReader.charsFromByteBuffer([CLjava/nio/ByteBuffer;)V @ 6 c2
Event: 5.245 Thread 0x00000187d69b5800 DEOPT PACKING pc=0x00000187c4814784 sp=0x00000068159f92a0
Event: 5.245 Thread 0x00000187d69b5800 DEOPT UNPACKING pc=0x00000187bcbe78af sp=0x00000068159f90a8 mode 2
Event: 5.245 Thread 0x00000187d69b5800 Uncommon trap: trap_request=0xffffffbe fr.pc=0x00000187c4814784 relative=0x0000000000000984
Event: 5.245 Thread 0x00000187d69b5800 Uncommon trap: reason=profile_predicate action=maybe_recompile pc=0x00000187c4814784 method=jdk.internal.jimage.ImageStringsReader.charsFromByteBuffer([CLjava/nio/ByteBuffer;)V @ 6 c2
Event: 5.245 Thread 0x00000187d69b5800 DEOPT PACKING pc=0x00000187c4814784 sp=0x00000068159f92a0
Event: 5.245 Thread 0x00000187d69b5800 DEOPT UNPACKING pc=0x00000187bcbe78af sp=0x00000068159f90a8 mode 2
Event: 5.245 Thread 0x00000187d69b5800 Uncommon trap: trap_request=0xffffffbe fr.pc=0x00000187c4814784 relative=0x0000000000000984
Event: 5.245 Thread 0x00000187d69b5800 Uncommon trap: reason=profile_predicate action=maybe_recompile pc=0x00000187c4814784 method=jdk.internal.jimage.ImageStringsReader.charsFromByteBuffer([CLjava/nio/ByteBuffer;)V @ 6 c2
Event: 5.245 Thread 0x00000187d69b5800 DEOPT PACKING pc=0x00000187c4814784 sp=0x00000068159f92a0
Event: 5.245 Thread 0x00000187d69b5800 DEOPT UNPACKING pc=0x00000187bcbe78af sp=0x00000068159f90a8 mode 2
Event: 5.245 Thread 0x00000187d69b5800 Uncommon trap: trap_request=0xffffffbe fr.pc=0x00000187c4814784 relative=0x0000000000000984
Event: 5.245 Thread 0x00000187d69b5800 Uncommon trap: reason=profile_predicate action=maybe_recompile pc=0x00000187c4814784 method=jdk.internal.jimage.ImageStringsReader.charsFromByteBuffer([CLjava/nio/ByteBuffer;)V @ 6 c2
Event: 5.245 Thread 0x00000187d69b5800 DEOPT PACKING pc=0x00000187c4814784 sp=0x00000068159f92a0
Event: 5.245 Thread 0x00000187d69b5800 DEOPT UNPACKING pc=0x00000187bcbe78af sp=0x00000068159f90a8 mode 2
Event: 5.260 Thread 0x00000187d69b5800 Uncommon trap: trap_request=0xffffffbe fr.pc=0x00000187c4816b0c relative=0x000000000000092c
Event: 5.260 Thread 0x00000187d69b5800 Uncommon trap: reason=profile_predicate action=maybe_recompile pc=0x00000187c4816b0c method=jdk.internal.jimage.ImageStringsReader.charsFromByteBuffer([CLjava/nio/ByteBuffer;)V @ 6 c2
Event: 5.260 Thread 0x00000187d69b5800 DEOPT PACKING pc=0x00000187c4816b0c sp=0x00000068159f9450
Event: 5.260 Thread 0x00000187d69b5800 DEOPT UNPACKING pc=0x00000187bcbe78af sp=0x00000068159f9328 mode 2

Classes redefined (0 events):
No events

Internal exceptions (20 events):
Event: 3.895 Thread 0x00000187d69b5800 Exception <a 'java/lang/NoSuchMethodError'{0x000000008c4b21f0}: 'java.lang.Object java.lang.invoke.Invokers$Holder.linkToTargetMethod(java.lang.Object, java.lang.Object, java.lang.Object, java.lang.Object, java.lang.Object, java.lang.Object, java.lang.Object, java.lang.Object, java.lang.Object, java.lang.Object, java.lang.Object, java.lang.Object)'> (0x000000008c4b21f0) thrown at [./src/hotspot/share/interpreter/linkResolver.cpp, line 773]
Event: 3.902 Thread 0x00000187d69b5800 Exception <a 'java/lang/NoSuchMethodError'{0x000000008c348c18}: 'java.lang.Object java.lang.invoke.DirectMethodHandle$Holder.invokeStaticInit(java.lang.Object, java.lang.Object, java.lang.Object, java.lang.Object)'> (0x000000008c348c18) thrown at [./src/hotspot/share/interpreter/linkResolver.cpp, line 773]
Event: 4.050 Thread 0x00000187d69b5800 Implicit null exception at 0x00000187c4788475 to 0x00000187c478863c
Event: 4.050 Thread 0x00000187d69b5800 Implicit null exception at 0x00000187c4781e2f to 0x00000187c4781e9d
Event: 4.528 Thread 0x00000187d69b5800 Exception <a 'java/lang/NoSuchMethodError'{0x000000008e537a38}: 'void java.lang.invoke.DirectMethodHandle$Holder.invokeStaticInit(java.lang.Object, java.lang.Object, java.lang.Object)'> (0x000000008e537a38) thrown at [./src/hotspot/share/interpreter/linkResolver.cpp, line 773]
Event: 4.528 Thread 0x00000187d69b5800 Exception <a 'java/lang/NoSuchMethodError'{0x000000008e53e810}: 'void java.lang.invoke.DirectMethodHandle$Holder.invokeStaticInit(java.lang.Object, java.lang.Object, java.lang.Object, java.lang.Object)'> (0x000000008e53e810) thrown at [./src/hotspot/share/interpreter/linkResolver.cpp, line 773]
Event: 4.531 Thread 0x00000187d69b5800 Exception <a 'java/lang/NoSuchMethodError'{0x000000008e560e48}: 'void java.lang.invoke.DirectMethodHandle$Holder.invokeStaticInit(java.lang.Object, java.lang.Object, java.lang.Object, java.lang.Object, java.lang.Object)'> (0x000000008e560e48) thrown at [./src/hotspot/share/interpreter/linkResolver.cpp, line 773]
Event: 4.532 Thread 0x00000187d69b5800 Exception <a 'java/lang/NoSuchMethodError'{0x000000008e568558}: 'int java.lang.invoke.DirectMethodHandle$Holder.invokeStaticInit(java.lang.Object, java.lang.Object, java.lang.Object)'> (0x000000008e568558) thrown at [./src/hotspot/share/interpreter/linkResolver.cpp, line 773]
Event: 4.566 Thread 0x00000187d69b5800 Exception <a 'java/lang/NoSuchMethodError'{0x000000008e5c7198}: 'int java.lang.invoke.DirectMethodHandle$Holder.invokeStaticInit(java.lang.Object, java.lang.Object, java.lang.Object, java.lang.Object)'> (0x000000008e5c7198) thrown at [./src/hotspot/share/interpreter/linkResolver.cpp, line 773]
Event: 4.567 Thread 0x00000187d69b5800 Exception <a 'java/lang/IncompatibleClassChangeError'{0x000000008e5d06f8}: Found class java.lang.Object, but interface was expected> (0x000000008e5d06f8) thrown at [./src/hotspot/share/interpreter/linkResolver.cpp, line 839]
Event: 4.903 Thread 0x00000187d69b5800 Exception <a 'java/lang/NoSuchMethodError'{0x000000008dd10460}: 'java.lang.Object java.lang.invoke.DirectMethodHandle$Holder.invokeStatic(java.lang.Object, java.lang.Object, java.lang.Object, java.lang.Object, java.lang.Object, java.lang.Object, java.lang.Object, java.lang.Object, java.lang.Object, java.lang.Object, java.lang.Object, int)'> (0x000000008dd10460) thrown at [./src/hotspot/share/interpreter/linkResolver.cpp, line 773]
Event: 4.904 Thread 0x00000187d69b5800 Exception <a 'java/lang/NoSuchMethodError'{0x000000008dd2ee00}: 'java.lang.Object java.lang.invoke.DirectMethodHandle$Holder.invokeStatic(java.lang.Object, java.lang.Object, java.lang.Object, java.lang.Object, java.lang.Object, java.lang.Object, java.lang.Object, java.lang.Object, java.lang.Object, java.lang.Object, java.lang.Object, int, int)'> (0x000000008dd2ee00) thrown at [./src/hotspot/share/interpreter/linkResolver.cpp, line 773]
Event: 4.907 Thread 0x00000187d69b5800 Exception <a 'java/lang/NoSuchMethodError'{0x000000008dd4e630}: 'java.lang.Object java.lang.invoke.DirectMethodHandle$Holder.invokeStatic(java.lang.Object, java.lang.Object, java.lang.Object, java.lang.Object, java.lang.Object, java.lang.Object, java.lang.Object, java.lang.Object, java.lang.Object, java.lang.Object, java.lang.Object, int, int, java.lang.Object)'> (0x000000008dd4e630) thrown at [./src/hotspot/share/interpreter/linkResolver.cpp, line 773]
Event: 4.908 Thread 0x00000187d69b5800 Exception <a 'java/lang/NoSuchMethodError'{0x000000008dd6f728}: 'java.lang.Object java.lang.invoke.DirectMethodHandle$Holder.invokeStatic(java.lang.Object, java.lang.Object, java.lang.Object, java.lang.Object, java.lang.Object, java.lang.Object, java.lang.Object, java.lang.Object, java.lang.Object, java.lang.Object, java.lang.Object, int, int, java.lang.Object, java.lang.Object)'> (0x000000008dd6f728) thrown at [./src/hotspot/share/interpreter/linkResolver.cpp, line 773]
Event: 4.910 Thread 0x00000187d69b5800 Exception <a 'java/lang/ClassNotFoundException'{0x000000008dd9e638}: groovy/lang/ExpandoMetaClassBeanInfo> (0x000000008dd9e638) thrown at [./src/hotspot/share/classfile/systemDictionary.cpp, line 231]
Event: 4.911 Thread 0x00000187d69b5800 Exception <a 'java/lang/ClassNotFoundException'{0x000000008ddbd5b8}: groovy/lang/MetaClassImplBeanInfo> (0x000000008ddbd5b8) thrown at [./src/hotspot/share/classfile/systemDictionary.cpp, line 231]
Event: 4.911 Thread 0x00000187d69b5800 Exception <a 'java/lang/ClassNotFoundException'{0x000000008ddc5d60}: java/lang/ObjectBeanInfo> (0x000000008ddc5d60) thrown at [./src/hotspot/share/classfile/systemDictionary.cpp, line 231]
Event: 4.913 Thread 0x00000187d69b5800 Exception <a 'java/lang/ClassNotFoundException'{0x000000008ddd0940}: java/lang/ObjectCustomizer> (0x000000008ddd0940) thrown at [./src/hotspot/share/classfile/systemDictionary.cpp, line 231]
Event: 4.918 Thread 0x00000187d69b5800 Exception <a 'java/lang/ClassNotFoundException'{0x000000008ddf66a0}: groovy/lang/MetaClassImplCustomizer> (0x000000008ddf66a0) thrown at [./src/hotspot/share/classfile/systemDictionary.cpp, line 231]
Event: 4.920 Thread 0x00000187d69b5800 Exception <a 'java/lang/ClassNotFoundException'{0x000000008dc35468}: groovy/lang/ExpandoMetaClassCustomizer> (0x000000008dc35468) thrown at [./src/hotspot/share/classfile/systemDictionary.cpp, line 231]

Events (20 events):
Event: 5.196 loading class java/util/function/BooleanSupplier
Event: 5.196 loading class java/util/function/BooleanSupplier done
Event: 5.196 loading class jdk/internal/jimage/ImageReader$Resource
Event: 5.196 loading class jdk/internal/jimage/ImageReader$Resource done
Event: 5.283 loading class java/util/WeakHashMap$KeyIterator
Event: 5.283 loading class java/util/WeakHashMap$HashIterator
Event: 5.283 loading class java/util/WeakHashMap$HashIterator done
Event: 5.283 loading class java/util/WeakHashMap$KeyIterator done
Event: 5.283 loading class org/codehaus/groovy/runtime/memoize/EvictableCache
Event: 5.283 loading class org/codehaus/groovy/runtime/memoize/EvictableCache done
Event: 5.283 loading class org/codehaus/groovy/runtime/memoize/EvictableCache
Event: 5.283 loading class org/codehaus/groovy/runtime/memoize/EvictableCache done
Event: 5.283 loading class org/codehaus/groovy/runtime/memoize/EvictableCache
Event: 5.283 loading class org/codehaus/groovy/runtime/memoize/EvictableCache done
Event: 5.283 loading class org/codehaus/groovy/runtime/memoize/EvictableCache$Action
Event: 5.283 loading class org/codehaus/groovy/runtime/memoize/EvictableCache$Action done
Event: 5.283 loading class org/codehaus/groovy/runtime/memoize/EvictableCache$Action
Event: 5.283 loading class org/codehaus/groovy/runtime/memoize/EvictableCache$Action done
Event: 5.284 loading class groovy/runtime/metaclass/org/gradle/internal/extensibility/DefaultExtraPropertiesExtensionMetaClass
Event: 5.284 loading class groovy/runtime/metaclass/org/gradle/internal/extensibility/DefaultExtraPropertiesExtensionMetaClass done


Dynamic libraries:
0x00007ff67fb00000 - 0x00007ff67fb0a000 	C:\Program Files\Android\Android Studio\jre\bin\java.exe
0x00007ff8eb6f0000 - 0x00007ff8eb8e5000 	C:\WINDOWS\SYSTEM32\ntdll.dll
0x00007ff8e9fd0000 - 0x00007ff8ea08e000 	C:\WINDOWS\System32\KERNEL32.DLL
0x00007ff8e92a0000 - 0x00007ff8e9568000 	C:\WINDOWS\System32\KERNELBASE.dll
0x00007ff8e8e00000 - 0x00007ff8e8f00000 	C:\WINDOWS\System32\ucrtbase.dll
0x00007ff8d5e60000 - 0x00007ff8d5e79000 	C:\Program Files\Android\Android Studio\jre\bin\jli.dll
0x00007ff8d5d60000 - 0x00007ff8d5d77000 	C:\Program Files\Android\Android Studio\jre\bin\VCRUNTIME140.dll
0x00007ff8eb500000 - 0x00007ff8eb6a1000 	C:\WINDOWS\System32\USER32.dll
0x00007ff8dcce0000 - 0x00007ff8dcf7a000 	C:\WINDOWS\WinSxS\amd64_microsoft.windows.common-controls_6595b64144ccf1df_6.0.19041.1110_none_60b5254171f9507e\COMCTL32.dll
0x00007ff8e8f00000 - 0x00007ff8e8f22000 	C:\WINDOWS\System32\win32u.dll
0x00007ff8eaed0000 - 0x00007ff8eaf6e000 	C:\WINDOWS\System32\msvcrt.dll
0x00007ff8eb030000 - 0x00007ff8eb05b000 	C:\WINDOWS\System32\GDI32.dll
0x00007ff8e9570000 - 0x00007ff8e967d000 	C:\WINDOWS\System32\gdi32full.dll
0x00007ff8e9200000 - 0x00007ff8e929d000 	C:\WINDOWS\System32\msvcp_win.dll
0x00007ff8ea090000 - 0x00007ff8ea0c0000 	C:\WINDOWS\System32\IMM32.DLL
0x00007ff8cd1d0000 - 0x00007ff8cd26d000 	C:\Program Files\Android\Android Studio\jre\bin\msvcp140.dll
0x00007ff8900d0000 - 0x00007ff890b9f000 	C:\Program Files\Android\Android Studio\jre\bin\server\jvm.dll
0x00007ff8eab00000 - 0x00007ff8eabae000 	C:\WINDOWS\System32\ADVAPI32.dll
0x00007ff8ea940000 - 0x00007ff8ea9dc000 	C:\WINDOWS\System32\sechost.dll
0x00007ff8eada0000 - 0x00007ff8eaec5000 	C:\WINDOWS\System32\RPCRT4.dll
0x00007ff8e9fc0000 - 0x00007ff8e9fc8000 	C:\WINDOWS\System32\PSAPI.DLL
0x00007ff8dba60000 - 0x00007ff8dba69000 	C:\WINDOWS\SYSTEM32\WSOCK32.dll
0x00007ff8eb2e0000 - 0x00007ff8eb34b000 	C:\WINDOWS\System32\WS2_32.dll
0x00007ff8df430000 - 0x00007ff8df457000 	C:\WINDOWS\SYSTEM32\WINMM.dll
0x00007ff8e2e10000 - 0x00007ff8e2e1a000 	C:\WINDOWS\SYSTEM32\VERSION.dll
0x00007ff8e6d10000 - 0x00007ff8e6d22000 	C:\WINDOWS\SYSTEM32\kernel.appcore.dll
0x00007ff8d0150000 - 0x00007ff8d0161000 	C:\Program Files\Android\Android Studio\jre\bin\verify.dll
0x00007ff8d6d40000 - 0x00007ff8d6f24000 	C:\WINDOWS\SYSTEM32\DBGHELP.DLL
0x00007ff8d5050000 - 0x00007ff8d507c000 	C:\WINDOWS\SYSTEM32\dbgcore.DLL
0x00007ff8e9090000 - 0x00007ff8e9112000 	C:\WINDOWS\System32\bcryptPrimitives.dll
0x00007ff8ce030000 - 0x00007ff8ce059000 	C:\Program Files\Android\Android Studio\jre\bin\java.dll
0x00007ff8dd840000 - 0x00007ff8dd84b000 	C:\Program Files\Android\Android Studio\jre\bin\jimage.dll
0x00007ff8cfd60000 - 0x00007ff8cfd78000 	C:\Program Files\Android\Android Studio\jre\bin\zip.dll
0x00007ff8ea120000 - 0x00007ff8ea864000 	C:\WINDOWS\System32\SHELL32.dll
0x00007ff8e6f10000 - 0x00007ff8e76a5000 	C:\WINDOWS\SYSTEM32\windows.storage.dll
0x00007ff8e97e0000 - 0x00007ff8e9b35000 	C:\WINDOWS\System32\combase.dll
0x00007ff8e8850000 - 0x00007ff8e887e000 	C:\WINDOWS\SYSTEM32\Wldp.dll
0x00007ff8e9730000 - 0x00007ff8e97dd000 	C:\WINDOWS\System32\SHCORE.dll
0x00007ff8eafd0000 - 0x00007ff8eb025000 	C:\WINDOWS\System32\shlwapi.dll
0x00007ff8e8d40000 - 0x00007ff8e8d5f000 	C:\WINDOWS\SYSTEM32\profapi.dll
0x00007ff8ce650000 - 0x00007ff8ce66a000 	C:\Program Files\Android\Android Studio\jre\bin\net.dll
0x00007ff8e0910000 - 0x00007ff8e0a1c000 	C:\WINDOWS\SYSTEM32\WINHTTP.dll
0x00007ff8e85b0000 - 0x00007ff8e861a000 	C:\WINDOWS\system32\mswsock.dll
0x00007ff8ce010000 - 0x00007ff8ce024000 	C:\Program Files\Android\Android Studio\jre\bin\nio.dll
0x00007ff8e6550000 - 0x00007ff8e6577000 	C:\Users\fluvy\.gradle\native\8bec1ad78214c89d9ad589b4d07fe93259594b29d510b10fafb7a158f7737e5d\windows-amd64\native-platform.dll
0x00007ff8c0220000 - 0x00007ff8c035d000 	C:\Users\fluvy\.gradle\native\53dbd7edfb1c66fb8903c78663c9afc45aea4f116125fa6feffd364cf09443e8\windows-amd64\native-platform-file-events.dll
0x00007ff8d64c0000 - 0x00007ff8d64ca000 	C:\Program Files\Android\Android Studio\jre\bin\management.dll
0x00007ff8d6380000 - 0x00007ff8d638c000 	C:\Program Files\Android\Android Studio\jre\bin\management_ext.dll
0x00007ff8e87a0000 - 0x00007ff8e87b8000 	C:\WINDOWS\SYSTEM32\CRYPTSP.dll
0x00007ff8e7ec0000 - 0x00007ff8e7ef4000 	C:\WINDOWS\system32\rsaenh.dll
0x00007ff8e9120000 - 0x00007ff8e9147000 	C:\WINDOWS\System32\bcrypt.dll
0x00007ff8e8cc0000 - 0x00007ff8e8cee000 	C:\WINDOWS\SYSTEM32\USERENV.dll
0x00007ff8e87c0000 - 0x00007ff8e87cc000 	C:\WINDOWS\SYSTEM32\CRYPTBASE.dll
0x00007ff8e8250000 - 0x00007ff8e828b000 	C:\WINDOWS\SYSTEM32\IPHLPAPI.DLL
0x00007ff8eb140000 - 0x00007ff8eb148000 	C:\WINDOWS\System32\NSI.dll
0x00007ff8e2410000 - 0x00007ff8e2427000 	C:\WINDOWS\SYSTEM32\dhcpcsvc6.DLL
0x00007ff8e2160000 - 0x00007ff8e217d000 	C:\WINDOWS\SYSTEM32\dhcpcsvc.DLL
0x00007ff8e82a0000 - 0x00007ff8e836b000 	C:\WINDOWS\SYSTEM32\DNSAPI.dll

dbghelp: loaded successfully - version: 4.0.5 - missing functions: none
symbol engine: initialized successfully - sym options: 0x614 - pdb path: .;C:\Program Files\Android\Android Studio\jre\bin;C:\WINDOWS\SYSTEM32;C:\WINDOWS\WinSxS\amd64_microsoft.windows.common-controls_6595b64144ccf1df_6.0.19041.1110_none_60b5254171f9507e;C:\Program Files\Android\Android Studio\jre\bin\server;C:\Users\fluvy\.gradle\native\8bec1ad78214c89d9ad589b4d07fe93259594b29d510b10fafb7a158f7737e5d\windows-amd64;C:\Users\fluvy\.gradle\native\53dbd7edfb1c66fb8903c78663c9afc45aea4f116125fa6feffd364cf09443e8\windows-amd64

VM Arguments:
jvm_args: --add-opens=java.base/java.util=ALL-UNNAMED --add-opens=java.base/java.lang=ALL-UNNAMED --add-opens=java.base/java.lang.invoke=ALL-UNNAMED --add-opens=java.base/java.util=ALL-UNNAMED --add-opens=java.prefs/java.util.prefs=ALL-UNNAMED --add-opens=java.prefs/java.util.prefs=ALL-UNNAMED --add-opens=java.base/java.nio.charset=ALL-UNNAMED --add-opens=java.base/java.net=ALL-UNNAMED --add-opens=java.base/java.util.concurrent.atomic=ALL-UNNAMED -Xmx2048m -Dfile.encoding=UTF-8 -Duser.country=ES -Duser.language=es -Duser.variant 
java_command: org.gradle.launcher.daemon.bootstrap.GradleDaemon 7.0.2
java_class_path (initial): C:\Users\fluvy\.gradle\wrapper\dists\gradle-7.0.2-bin\857tjihv64xamwrf0h14cai3r\gradle-7.0.2\lib\gradle-launcher-7.0.2.jar
Launcher Type: SUN_STANDARD

[Global flags]
     intx CICompilerCount                          = 3                                         {product} {ergonomic}
     uint ConcGCThreads                            = 1                                         {product} {ergonomic}
     uint G1ConcRefinementThreads                  = 4                                         {product} {ergonomic}
   size_t G1HeapRegionSize                         = 1048576                                   {product} {ergonomic}
    uintx GCDrainStackTargetSize                   = 64                                        {product} {ergonomic}
   size_t InitialHeapSize                          = 268435456                                 {product} {ergonomic}
   size_t MarkStackSize                            = 4194304                                   {product} {ergonomic}
   size_t MaxHeapSize                              = 2147483648                                {product} {command line}
   size_t MaxNewSize                               = 1287651328                                {product} {ergonomic}
   size_t MinHeapDeltaBytes                        = 1048576                                   {product} {ergonomic}
    uintx NonNMethodCodeHeapSize                   = 5830732                                {pd product} {ergonomic}
    uintx NonProfiledCodeHeapSize                  = 122913754                              {pd product} {ergonomic}
    uintx ProfiledCodeHeapSize                     = 122913754                              {pd product} {ergonomic}
    uintx ReservedCodeCacheSize                    = 251658240                              {pd product} {ergonomic}
     bool SegmentedCodeCache                       = true                                      {product} {ergonomic}
     bool UseCompressedClassPointers               = true                                 {lp64_product} {ergonomic}
     bool UseCompressedOops                        = true                                 {lp64_product} {ergonomic}
     bool UseG1GC                                  = true                                      {product} {ergonomic}
     bool UseLargePagesIndividualAllocation        = false                                  {pd product} {ergonomic}

Logging:
Log output configuration:
 #0: stdout all=warning uptime,level,tags
 #1: stderr all=off uptime,level,tags

Environment Variables:
PATH=C:\Program Files (x86)\Common Files\Oracle\Java\javapath;c:\Program Files (x86)\Intel\iCLS Client\;c:\Program Files\Intel\iCLS Client\;C:\windows\system32;C:\windows;C:\windows\System32\Wbem;C:\windows\System32\WindowsPowerShell\v1.0\;C:\Program Files\Intel\Intel(R) Management Engine Components\DAL;C:\Program Files\Intel\Intel(R) Management Engine Components\IPT;C:\Program Files (x86)\Intel\Intel(R) Management Engine Components\DAL;C:\Program Files (x86)\Intel\Intel(R) Management Engine Components\IPT;C:\Program Files (x86)\ATI Technologies\ATI.ACE\Core-Static;C:\Program Files\Hewlett-Packard\SimplePass\;C:\Program Files\Git\cmd;C:\Program Files (x86)\NVIDIA Corporation\PhysX\Common;C:\Program Files\PuTTY\;C:\MinGW\bin;%SystemRoot%\system32;%SystemRoot%;%SystemRoot%\System32\Wbem;%SYSTEMROOT%\System32\WindowsPowerShell\v1.0\;%SYSTEMROOT%\System32\OpenSSH\;C:\Program Files\MATLAB\R2018b\runtime\win64;C:\Program Files\MATLAB\R2018b\bin;C:\Program Files (x86)\Nmap;%USERPROFILE%\AppData\Local\Microsoft\WindowsApps;C:\Program Files (x86)\EaseUS\Todo Backup\bin\x64\
USERNAME=fluvy
OS=Windows_NT
PROCESSOR_IDENTIFIER=Intel64 Family 6 Model 60 Stepping 3, GenuineIntel



---------------  S Y S T E M  ---------------

OS: Windows 10 , 64 bit Build 19041 (10.0.19041.1466)
OS uptime: 2 days 5:53 hours

CPU:total 4 (initial active 4) (4 cores per cpu, 1 threads per core) family 6 model 60 stepping 3 microcode 0x27, cmov, cx8, fxsr, mmx, sse, sse2, sse3, ssse3, sse4.1, sse4.2, popcnt, avx, avx2, aes, clmul, erms, lzcnt, tsc, tscinvbit, bmi1, bmi2, fma

Memory: 4k page, system-wide physical 16323M (3726M free)
TotalPageFile size 20419M (AvailPageFile size 5M)
current process WorkingSet (physical memory assigned to process): 222M, peak: 249M
current process commit charge ("private bytes"): 409M, peak: 439M

vm_info: OpenJDK 64-Bit Server VM (11.0.10+0-b96-7249189) for windows-amd64 JRE (11.0.10+0-b96-7249189), built on Mar 31 2021 21:44:00 by "builder" with MS VC++ 14.0 (VS2015)

END.
